<?xml version="1.0" encoding="UTF-8"?>
<!-- Generated by org.testng.reporters.JUnitReportReporter -->
<testsuite skipped="0" hostname="DESKTOP-MHRHBD4" name="com.wordpress.tests.TestSeleniumChrome" tests="1" failures="0" timestamp="2020-10-09T09:50:56 EDT" time="18.044" errors="0">
  <testcase name="testchrome" time="18.044" classname="com.wordpress.tests.TestSeleniumChrome"/>
  <system-out/>
</testsuite> <!-- com.wordpress.tests.TestSeleniumChrome -->
