<?xml version="1.0" encoding="UTF-8"?>
<!-- Generated by org.testng.reporters.JUnitReportReporter -->
<testsuite skipped="0" hostname="DESKTOP-MHRHBD4" name="com.wordpress.tests.WordpressValidLogin" tests="1" failures="0" timestamp="2020-10-12T10:00:14 EDT" time="9.916" errors="0">
  <testcase name="checkValidLogin" time="9.916" classname="com.wordpress.tests.WordpressValidLogin"/>
  <system-out>
Success login  </system-out>
</testsuite> <!-- com.wordpress.tests.WordpressValidLogin -->
